<?xml version="1.0" encoding="UTF-8"?>
<TestRun id="8213b813-4254-4537-96de-7656c1b6307a" name="Administrator@USER-20140925PT 2014-12-01 22:00:26" runUser="USER-20140925PT\Administrator" xmlns="http://microsoft.com/schemas/VisualStudio/TeamTest/2010">
  <TestSettings name="本地测试运行" id="d2d3de89-ec2e-4c62-9313-adcfd4200b5d">
    <Description>这是本地测试运行的默认测试运行配置。</Description>
    <Deployment runDeploymentRoot="Administrator_USER-20140925PT 2014-12-01 22_00_26">
      <DeploymentItem filename="E:\vc_project\AppTool\AppTool\DLL\LitJson.dll" />
      <DeploymentItem filename="E:\vc_project\AppTool\AppTool\DLL\Ionic.Zip.dll" />
      <DeploymentItem filename="E:\vc_project\AppTool\packages\HtmlAgilityPack.1.4.9\lib\Net20\HtmlAgilityPack.dll" />
      <DeploymentItem filename="E:\vc_project\AppTool\AppTool\DLL\ICSharpCode.SharpZipLib.dll" />
      <DeploymentItem filename="E:\vc_project\AppTool\AppTool\DLL\ChnCharInfo.dll" />
      <DeploymentItem filename="E:\vc_project\AppTool\AppTool\DLL\Sybase.Data.AseClient.dll" />
      <DeploymentItem filename="E:\vc_project\AppTool\AppTool\DLL\Memcached.ClientLibrary.dll" />
      <DeploymentItem filename="E:\vc_project\AppTool\AppTool\DLL\log4net.dll" />
      <DeploymentItem filename="E:\vc_project\AppTool\AppTool\bin\Debug\AppTool.exe" />
      <DeploymentItem filename="E:\vc_project\AppTool\AppTool\DLL\Commons.dll" />
      <DeploymentItem filename="E:\vc_project\AppTool\AppTool\DLL\NPOI.dll" />
    </Deployment>
    <Execution>
      <TestTypeSpecific />
      <AgentRule name="Execution Agents">
      </AgentRule>
    </Execution>
  </TestSettings>
  <Times creation="2014-12-01T22:00:26.4559320+08:00" queuing="2014-12-01T22:00:30.3111525+08:00" start="2014-12-01T22:00:30.7441773+08:00" finish="2014-12-01T22:00:35.0124214+08:00" />
  <ResultSummary outcome="Failed">
    <Counters total="1" executed="1" error="0" failed="1" timeout="0" aborted="0" inconclusive="0" passedButRunAborted="0" notRunnable="0" notExecuted="0" disconnected="0" warning="0" passed="0" completed="0" inProgress="0" pending="0" />
    <RunInfos>
      <RunInfo computerName="USER-20140925PT" outcome="Warning" timestamp="2014-12-01T22:00:27.5169927+08:00">
        <Text>警告: 测试运行部署问题: 找不到程序集或模块“Interop.Microsoft.Office.Interop.Word”由 测试容器“e:\vc_project\apptool\apptest\bin\debug\apptest.dll” 直接或间接引用。</Text>
      </RunInfo>
    </RunInfos>
  </ResultSummary>
  <TestDefinitions>
    <UnitTest name="SetLocalDBSourceTest" storage="e:\vc_project\apptool\apptest\bin\debug\apptest.dll" id="80ad3ad2-8eed-8377-92e5-02884a8d6b7b">
      <DeploymentItems>
        <DeploymentItem filename="AppTool.exe" />
      </DeploymentItems>
      <Execution id="f61a6b41-c29c-4613-98c1-31302edaad9d" />
      <TestMethod codeBase="E:/vc_project/AppTool/apptest/bin/Debug/apptest.DLL" adapterTypeName="Microsoft.VisualStudio.TestTools.TestTypes.Unit.UnitTestAdapter, Microsoft.VisualStudio.QualityTools.Tips.UnitTest.Adapter, Version=10.0.0.0, Culture=neutral, PublicKeyToken=b03f5f7f11d50a3a" className="apptest.DBFactoryTest, apptest, Version=1.0.0.0, Culture=neutral, PublicKeyToken=null" name="SetLocalDBSourceTest" />
    </UnitTest>
  </TestDefinitions>
  <TestLists>
    <TestList name="列表中未列出的结果" id="8c84fa94-04c1-424b-9868-57a2d4851a1d" />
    <TestList name="所有已加载的结果" id="19431567-8539-422a-85d7-44ee4e166bda" />
  </TestLists>
  <TestEntries>
    <TestEntry testId="80ad3ad2-8eed-8377-92e5-02884a8d6b7b" executionId="f61a6b41-c29c-4613-98c1-31302edaad9d" testListId="8c84fa94-04c1-424b-9868-57a2d4851a1d" />
  </TestEntries>
  <Results>
    <UnitTestResult executionId="f61a6b41-c29c-4613-98c1-31302edaad9d" testId="80ad3ad2-8eed-8377-92e5-02884a8d6b7b" testName="SetLocalDBSourceTest" computerName="USER-20140925PT" duration="00:00:00.3877648" startTime="2014-12-01T22:00:31.0721960+08:00" endTime="2014-12-01T22:00:34.8204104+08:00" testType="13cdc9d9-ddb5-4fa4-a97d-d965ccfc6d4b" outcome="Failed" testListId="8c84fa94-04c1-424b-9868-57a2d4851a1d" relativeResultsDirectory="f61a6b41-c29c-4613-98c1-31302edaad9d">
      <Output>
        <ErrorInfo>
          <Message>测试方法 apptest.DBFactoryTest.SetLocalDBSourceTest 引发了异常: 
System.BadImageFormatException: 未能加载文件或程序集“AppTool, Version=1.0.0.0, Culture=neutral, PublicKeyToken=null”或它的某一个依赖项。试图加载格式不正确的程序。</Message>
          <StackTrace>    在 apptest.DBFactoryTest.SetLocalDBSourceTest()
</StackTrace>
        </ErrorInfo>
      </Output>
    </UnitTestResult>
  </Results>
</TestRun>